<?xml version="1.0" encoding="UTF-8"?>
<!-- Generated by org.testng.reporters.JUnitReportReporter -->
<testsuite hostname="inlen8520084518" failures="0" tests="1" name="pom.testCases.TC_LoginTest_001" time="5.732" errors="0" timestamp="2023-08-14T18:59:50 IST" skipped="0">
  <testcase classname="pom.testCases.TC_LoginTest_001" name="loginTest" time="5.732"/>
  <system-out/>
</testsuite> <!-- pom.testCases.TC_LoginTest_001 -->
